<?xml version="1.0" encoding="UTF-8"?>
<!-- Generated by org.testng.reporters.JUnitReportReporter -->
<testsuite hostname="LAPTOP-3BTOB2FF" failures="0" tests="4" name="com.mycompany.app.DataProviderDemo" time="0.013" errors="0" timestamp="2022-01-25T13:40:10 IST" skipped="0">
  <testcase classname="com.mycompany.app.DataProviderDemo" name="mytest" time="0.004"/>
  <system-out/>
  <testcase classname="com.mycompany.app.DataProviderDemo" name="mytest" time="0.004"/>
  <system-out/>
  <testcase classname="com.mycompany.app.DataProviderDemo" name="mytest" time="0.003"/>
  <system-out/>
  <testcase classname="com.mycompany.app.DataProviderDemo" name="mytest" time="0.002"/>
  <system-out/>
</testsuite> <!-- com.mycompany.app.DataProviderDemo -->
