<?xml version="1.0" encoding="UTF-8"?>
<!-- Generated by org.testng.reporters.JUnitReportReporter -->
<testsuite hostname="LAPTOP-3BTOB2FF" failures="0" tests="2" name="com.mycompany.app.FacebookDpTest" time="51.242" errors="0" timestamp="2022-01-25T13:40:10 IST" skipped="0">
  <testcase classname="com.mycompany.app.FacebookDpTest" name="FacebookLogin" time="14.633"/>
  <system-out/>
  <testcase classname="com.mycompany.app.FacebookDpTest" name="FacebookLogin" time="36.609"/>
  <system-out/>
</testsuite> <!-- com.mycompany.app.FacebookDpTest -->
