<?xml version="1.0" encoding="UTF-8"?>
<!-- Generated by org.testng.reporters.JUnitReportReporter -->
<testsuite hostname="LAPTOP-3BTOB2FF" failures="0" tests="1" name="com.mycompany.app.JavaScriptExecuter" time="18.740" errors="0" timestamp="2022-03-07T10:31:25 IST" skipped="0">
  <testcase classname="com.mycompany.app.JavaScriptExecuter" name="JsExecuter" time="18.740"/>
  <system-out/>
</testsuite> <!-- com.mycompany.app.JavaScriptExecuter -->
