<?xml version="1.0" encoding="UTF-8"?>
<!-- Generated by org.testng.reporters.JUnitReportReporter -->
<testsuite hostname="LAPTOP-3BTOB2FF" failures="0" tests="2" name="com.mycompany.app.ReporterLog" time="15.580" errors="0" timestamp="2022-01-18T17:10:04 IST" skipped="0">
  <testcase classname="com.mycompany.app.ReporterLog" name="openKite" time="6.014"/>
  <system-out>
    <![CDATA[we are launching 'kite.zerodha.com' successfully]]>
  </system-out>
  <testcase classname="com.mycompany.app.ReporterLog" name="LaunchChrome" time="9.566"/>
  <system-out>
    <![CDATA[we are launching chrome driver successfully]]>
  </system-out>
</testsuite> <!-- com.mycompany.app.ReporterLog -->
