<?xml version="1.0" encoding="UTF-8"?>
<!-- Generated by org.testng.reporters.JUnitReportReporter -->
<testsuite hostname="LAPTOP-3BTOB2FF" failures="0" tests="1" name="com.mycompany.app.Parallel_Test_Thread4" time="0.029" errors="0" timestamp="2022-01-25T14:30:49 IST" skipped="0">
  <testcase classname="com.mycompany.app.Parallel_Test_Thread4" name="f4" time="0.029"/>
  <system-out/>
</testsuite> <!-- com.mycompany.app.Parallel_Test_Thread4 -->
