<?xml version="1.0" encoding="UTF-8"?>
<!-- Generated by org.testng.reporters.JUnitReportReporter -->
<testsuite hostname="LAPTOP-3BTOB2FF" failures="0" tests="3" name="com.mycompany.app.DependsDemo" time="8.189" errors="0" timestamp="2022-01-18T18:12:55 IST" skipped="0">
  <testcase classname="com.mycompany.app.DependsDemo" name="Title" time="0.512"/>
  <system-out/>
  <testcase classname="com.mycompany.app.DependsDemo" name="openKite" time="4.677"/>
  <system-out/>
  <testcase classname="com.mycompany.app.DependsDemo" name="LaunchChrome" time="3.000"/>
  <system-out/>
</testsuite> <!-- com.mycompany.app.DependsDemo -->
