<?xml version="1.0" encoding="UTF-8"?>
<!-- Generated by org.testng.reporters.JUnitReportReporter -->
<testsuite hostname="LAPTOP-3BTOB2FF" failures="0" tests="1" name="com.mycompany.app.ParameterDemo" time="0.013" errors="0" timestamp="2022-01-25T13:40:10 IST" skipped="0">
  <testcase classname="com.mycompany.app.ParameterDemo" name="add" time="0.013"/>
  <system-out/>
</testsuite> <!-- com.mycompany.app.ParameterDemo -->
