<?xml version="1.0" encoding="UTF-8"?>
<!-- Generated by org.testng.reporters.JUnitReportReporter -->
<testsuite hostname="LAPTOP-3BTOB2FF" failures="0" tests="1" name="com.mycompany.app.OpenBrowser" time="7.905" errors="0" timestamp="2022-01-16T15:28:01 IST" skipped="0">
  <testcase classname="com.mycompany.app.OpenBrowser" name="FacebookLaunch" time="7.905"/>
  <system-out/>
</testsuite> <!-- com.mycompany.app.OpenBrowser -->
