<?xml version="1.0" encoding="UTF-8"?>
<!-- Generated by org.testng.reporters.JUnitReportReporter -->
<testsuite hostname="LAPTOP-3BTOB2FF" failures="0" tests="1" name="com.mycompany.app.ParameterDemo4" time="13.596" errors="0" timestamp="2022-01-19T16:01:15 IST" skipped="0">
  <testcase classname="com.mycompany.app.ParameterDemo4" name="LaunchingBrowsers" time="13.596"/>
  <system-out/>
</testsuite> <!-- com.mycompany.app.ParameterDemo4 -->
