<?xml version="1.0" encoding="UTF-8"?>
<!-- Generated by org.testng.reporters.JUnitReportReporter -->
<testsuite hostname="LAPTOP-3BTOB2FF" failures="0" tests="3" name="com.mycompany.app.GroupsDemo" time="18.841" errors="0" timestamp="2022-02-02T09:26:09 IST" skipped="0">
  <testcase classname="com.mycompany.app.GroupsDemo" name="GetTitle" time="0.020"/>
  <system-out/>
  <testcase classname="com.mycompany.app.GroupsDemo" name="OpenFB" time="6.150"/>
  <system-out/>
  <testcase classname="com.mycompany.app.GroupsDemo" name="LaaunchBrowser" time="12.671"/>
  <system-out/>
</testsuite> <!-- com.mycompany.app.GroupsDemo -->
