<?xml version="1.0" encoding="UTF-8"?>
<!-- Generated by org.testng.reporters.JUnitReportReporter -->
<testsuite hostname="LAPTOP-3BTOB2FF" failures="0" tests="4" name="com.mycompany.app.PriorityDemo" time="0.022" errors="0" timestamp="2022-01-16T18:36:28 IST" skipped="1">
  <testcase classname="com.mycompany.app.PriorityDemo" name="d" time="0.003"/>
  <system-out/>
  <testcase classname="com.mycompany.app.PriorityDemo" name="a" time="0.017"/>
  <system-out/>
  <testcase classname="com.mycompany.app.PriorityDemo" name="b" time="0.002"/>
  <system-out/>
  <testcase classname="com.mycompany.app.PriorityDemo" name="c">
    <skipped/>
  </testcase> <!-- c -->
  <system-out/>
</testsuite> <!-- com.mycompany.app.PriorityDemo -->
