<?xml version="1.0" encoding="UTF-8"?>
<!-- Generated by org.testng.reporters.JUnitReportReporter -->
<testsuite hostname="LAPTOP-3BTOB2FF" failures="0" tests="2" name="com.mycompany.app.AssertDemo" time="34.822" errors="0" timestamp="2022-01-25T13:40:10 IST" skipped="0">
  <testcase classname="com.mycompany.app.AssertDemo" name="OpenBrowser" time="34.779"/>
  <system-out>
    <![CDATA[we are successfully launching kite in chrome]]>
  </system-out>
  <testcase classname="com.mycompany.app.AssertDemo" name="ChechTitle" time="0.043"/>
  <system-out>
    <![CDATA[we are successfully fetching the title of kite's home page]]>
  </system-out>
</testsuite> <!-- com.mycompany.app.AssertDemo -->
