<?xml version="1.0" encoding="UTF-8"?>
<!-- Generated by org.testng.reporters.JUnitReportReporter -->
<testsuite hostname="LAPTOP-3BTOB2FF" failures="0" tests="3" name="com.mycompany.app.DP_facebook" time="52.079" errors="0" timestamp="2022-02-13T16:42:58 IST" skipped="0">
  <testcase classname="com.mycompany.app.DP_facebook" name="f" time="19.853"/>
  <system-out/>
  <testcase classname="com.mycompany.app.DP_facebook" name="f" time="15.440"/>
  <system-out/>
  <testcase classname="com.mycompany.app.DP_facebook" name="f" time="16.786"/>
  <system-out/>
</testsuite> <!-- com.mycompany.app.DP_facebook -->
