<?xml version="1.0" encoding="UTF-8"?>
<!-- Generated by org.testng.reporters.JUnitReportReporter -->
<testsuite hostname="LAPTOP-3BTOB2FF" failures="0" tests="4" name="com.mycompany.app.InheritedDepends" time="8.589" errors="0" timestamp="2022-01-16T19:11:05 IST" skipped="0">
  <testcase classname="com.mycompany.app.InheritedDepends" name="login" time="0.944"/>
  <system-out/>
  <testcase classname="com.mycompany.app.InheritedDepends" name="Title" time="0.019"/>
  <system-out/>
  <testcase classname="com.mycompany.app.InheritedDepends" name="openKite" time="4.520"/>
  <system-out/>
  <testcase classname="com.mycompany.app.InheritedDepends" name="LaunchChrome" time="3.106"/>
  <system-out/>
</testsuite> <!-- com.mycompany.app.InheritedDepends -->
