<?xml version="1.0" encoding="UTF-8"?>
<!-- Generated by org.testng.reporters.JUnitReportReporter -->
<testsuite hostname="LAPTOP-3BTOB2FF" failures="0" tests="1" name="com.mycompany.app.InvocationDemo" time="12.465" errors="0" timestamp="2022-01-25T15:39:03 IST" skipped="0">
  <testcase classname="com.mycompany.app.InvocationDemo" name="facebook" time="12.465"/>
  <system-out/>
</testsuite> <!-- com.mycompany.app.InvocationDemo -->
