<?xml version="1.0" encoding="UTF-8"?>
<!-- Generated by org.testng.reporters.JUnitReportReporter -->
<testsuite hostname="LAPTOP-3BTOB2FF" failures="0" tests="2" name="com.mycompany.app.ParameterDemo3" time="0.004" errors="0" timestamp="2022-01-19T14:57:23 IST" skipped="0">
  <testcase classname="com.mycompany.app.ParameterDemo3" name="op" time="0.002"/>
  <system-out/>
  <testcase classname="com.mycompany.app.ParameterDemo3" name="a" time="0.002"/>
  <system-out/>
</testsuite> <!-- com.mycompany.app.ParameterDemo3 -->
