<?xml version="1.0" encoding="UTF-8"?>
<!-- Generated by org.testng.reporters.JUnitReportReporter -->
<testsuite hostname="LAPTOP-3BTOB2FF" failures="0" tests="2" name="com.mycompany.app.CrossBrowserTesting" time="54.624" errors="0" timestamp="2022-01-23T16:09:15 IST" skipped="0">
  <testcase classname="com.mycompany.app.CrossBrowserTesting" name="Chrome" time="17.158"/>
  <system-out/>
  <testcase classname="com.mycompany.app.CrossBrowserTesting" name="edge" time="37.466"/>
  <system-out/>
</testsuite> <!-- com.mycompany.app.CrossBrowserTesting -->
